<?xml version="1.0" encoding="UTF-8"?>
<testsuite xmlns:xsi="http://www.w3.org/2001/XMLSchema-instance" xsi:noNamespaceSchemaLocation="https://maven.apache.org/surefire/maven-surefire-plugin/xsd/surefire-test-report.xsd" version="3.0.2" name="com.prueba.PruebasaberApplicationTests" time="5.451" tests="1" errors="0" skipped="0" failures="0">
  <properties>
[...]
</properties>
  <testcase name="contextLoads" classname="com.prueba.PruebasaberApplicationTests" time="1.498">
    <system-out><![CDATA[21:05:17.156 [main] INFO org.springframework.test.context.support.AnnotationConfigContextLoaderUtils -- Could not detect default configuration classes for test class [com.prueba.PruebasaberApplicationTests]: PruebasaberApplicationTests does not declare any static, non-private, non-final, nested classes annotated with @Configuration.
21:05:17.313 [main] INFO org.springframework.boot.test.context.SpringBootTestContextBootstrapper -- Found @SpringBootConfiguration com.prueba.PruebasaberApplication for test class com.prueba.PruebasaberApplicationTests
21:05:17.568 [main] INFO org.springframework.boot.devtools.restart.RestartApplicationListener -- Restart disabled due to context in which it is running

  .   ____          _            __ _ _
 /\\ / ___'_ __ _ _(_)_ __  __ _ \ \ \ \
( ( )\___ | '_ | '_| | '_ \/ _` | \ \ \ \
 \\/  ___)| |_)| | | | | || (_| |  ) ) ) )
  '  |____| .__|_| |_|_| |_\__, | / / / /
 =========|_|==============|___/=/_/_/_/

 :: Spring Boot ::                (v3.4.4)

2025-04-21T21:05:18.059-05:00  INFO 3816 --- [pruebasaber] [           main] com.prueba.PruebasaberApplicationTests   : Starting PruebasaberApplicationTests using Java 21.0.4 with PID 3816 (started by Brayan in C:\Users\Brayan\OneDrive\Escritorio\pruebasaber)
2025-04-21T21:05:18.062-05:00  INFO 3816 --- [pruebasaber] [           main] com.prueba.PruebasaberApplicationTests   : No active profile set, falling back to 1 default profile: "default"
2025-04-21T21:05:18.977-05:00  INFO 3816 --- [pruebasaber] [           main] .s.d.r.c.RepositoryConfigurationDelegate : Bootstrapping Spring Data MongoDB repositories in DEFAULT mode.
2025-04-21T21:05:19.010-05:00  INFO 3816 --- [pruebasaber] [           main] .s.d.r.c.RepositoryConfigurationDelegate : Finished Spring Data repository scanning in 21 ms. Found 0 MongoDB repository interfaces.
2025-04-21T21:05:19.511-05:00  INFO 3816 --- [pruebasaber] [           main] o.s.b.a.w.s.WelcomePageHandlerMapping    : Adding welcome page: class path resource [static/index.html]
2025-04-21T21:05:19.882-05:00  WARN 3816 --- [pruebasaber] [           main] ion$DefaultTemplateResolverConfiguration : Cannot find template location: classpath:/templates/ (please add some templates, check your Thymeleaf configuration, or set spring.thymeleaf.check-template-location=false)
2025-04-21T21:05:20.218-05:00  INFO 3816 --- [pruebasaber] [tvx.mongodb.net] org.mongodb.driver.cluster               : Adding discovered server ac-lsdjgh3-shard-00-02.hflotvx.mongodb.net:27017 to client view of cluster
2025-04-21T21:05:20.257-05:00  INFO 3816 --- [pruebasaber] [           main] org.mongodb.driver.client                : MongoClient with metadata {"application": {"name": "Brayan"}, "driver": {"name": "mongo-java-driver|sync|spring-boot", "version": "5.2.1"}, "os": {"type": "Windows", "name": "Windows 11", "architecture": "amd64", "version": "10.0"}, "platform": "Java/Eclipse Adoptium/21.0.4+7-LTS"} created with settings MongoClientSettings{readPreference=primary, writeConcern=WriteConcern{w=majority, wTimeout=null ms, journal=null}, retryWrites=true, retryReads=true, readConcern=ReadConcern{level=null}, credential=MongoCredential{mechanism=null, userName='pulidorugelesbrayanalexande845', source='admin', password=<hidden>, mechanismProperties=<hidden>}, transportSettings=null, commandListeners=[], codecRegistry=ProvidersCodecRegistry{codecProviders=[ValueCodecProvider{}, BsonValueCodecProvider{}, DBRefCodecProvider{}, DBObjectCodecProvider{}, DocumentCodecProvider{}, CollectionCodecProvider{}, IterableCodecProvider{}, MapCodecProvider{}, GeoJsonCodecProvider{}, GridFSFileCodecProvider{}, Jsr310CodecProvider{}, JsonObjectCodecProvider{}, BsonCodecProvider{}, EnumCodecProvider{}, com.mongodb.client.model.mql.ExpressionCodecProvider@29bbc391, com.mongodb.Jep395RecordCodecProvider@3487442d, com.mongodb.KotlinCodecProvider@530ee28b]}, loggerSettings=LoggerSettings{maxDocumentLength=1000}, clusterSettings={hosts=[127.0.0.1:27017], srvHost=brayan.hflotvx.mongodb.net, srvServiceName=mongodb, mode=MULTIPLE, requiredClusterType=REPLICA_SET, requiredReplicaSetName='atlas-t4fxpa-shard-0', serverSelector='null', clusterListeners='[]', serverSelectionTimeout='30000 ms', localThreshold='15 ms'}, socketSettings=SocketSettings{connectTimeoutMS=10000, readTimeoutMS=0, receiveBufferSize=0, proxySettings=ProxySettings{host=null, port=null, username=null, password=null}}, heartbeatSocketSettings=SocketSettings{connectTimeoutMS=10000, readTimeoutMS=10000, receiveBufferSize=0, proxySettings=ProxySettings{host=null, port=null, username=null, password=null}}, connectionPoolSettings=ConnectionPoolSettings{maxSize=100, minSize=0, maxWaitTimeMS=120000, maxConnectionLifeTimeMS=0, maxConnectionIdleTimeMS=0, maintenanceInitialDelayMS=0, maintenanceFrequencyMS=60000, connectionPoolListeners=[], maxConnecting=2}, serverSettings=ServerSettings{heartbeatFrequencyMS=10000, minHeartbeatFrequencyMS=500, serverMonitoringMode=AUTO, serverListeners='[]', serverMonitorListeners='[]'}, sslSettings=SslSettings{enabled=true, invalidHostNameAllowed=false, context=null}, applicationName='Brayan', compressorList=[], uuidRepresentation=JAVA_LEGACY, serverApi=null, autoEncryptionSettings=null, dnsClient=null, inetAddressResolver=null, contextProvider=null, timeoutMS=null}
2025-04-21T21:05:20.272-05:00  INFO 3816 --- [pruebasaber] [tvx.mongodb.net] org.mongodb.driver.cluster               : Adding discovered server ac-lsdjgh3-shard-00-01.hflotvx.mongodb.net:27017 to client view of cluster
2025-04-21T21:05:20.277-05:00  INFO 3816 --- [pruebasaber] [tvx.mongodb.net] org.mongodb.driver.cluster               : Adding discovered server ac-lsdjgh3-shard-00-00.hflotvx.mongodb.net:27017 to client view of cluster
2025-04-21T21:05:20.828-05:00  INFO 3816 --- [pruebasaber] [           main] com.prueba.PruebasaberApplicationTests   : Started PruebasaberApplicationTests in 3.288 seconds (process running for 4.771)
2025-04-21T21:05:21.445-05:00  INFO 3816 --- [pruebasaber] [ngodb.net:27017] org.mongodb.driver.cluster               : Monitor thread successfully connected to server with description ServerDescription{address=ac-lsdjgh3-shard-00-01.hflotvx.mongodb.net:27017, type=REPLICA_SET_PRIMARY, cryptd=false, state=CONNECTED, ok=true, minWireVersion=0, maxWireVersion=25, maxDocumentSize=16777216, logicalSessionTimeoutMinutes=30, roundTripTimeNanos=717308400, minRoundTripTimeNanos=0, setName='atlas-t4fxpa-shard-0', canonicalAddress=ac-lsdjgh3-shard-00-01.hflotvx.mongodb.net:27017, hosts=[ac-lsdjgh3-shard-00-00.hflotvx.mongodb.net:27017, ac-lsdjgh3-shard-00-01.hflotvx.mongodb.net:27017, ac-lsdjgh3-shard-00-02.hflotvx.mongodb.net:27017], passives=[], arbiters=[], primary='ac-lsdjgh3-shard-00-01.hflotvx.mongodb.net:27017', tagSet=TagSet{[Tag{name='availabilityZone', value='use1-az6'}, Tag{name='diskState', value='READY'}, Tag{name='nodeType', value='ELECTABLE'}, Tag{name='provider', value='AWS'}, Tag{name='region', value='US_EAST_1'}, Tag{name='workloadType', value='OPERATIONAL'}]}, electionId=7fffffff0000000000000208, setVersion=265, topologyVersion=TopologyVersion{processId=6800f33a6abe4ab2b6fc44cd, counter=6}, lastWriteDate=Mon Apr 21 21:05:21 COT 2025, lastUpdateTimeNanos=116060997926100}
2025-04-21T21:05:21.445-05:00  INFO 3816 --- [pruebasaber] [ngodb.net:27017] org.mongodb.driver.cluster               : Monitor thread successfully connected to server with description ServerDescription{address=ac-lsdjgh3-shard-00-02.hflotvx.mongodb.net:27017, type=REPLICA_SET_SECONDARY, cryptd=false, state=CONNECTED, ok=true, minWireVersion=0, maxWireVersion=25, maxDocumentSize=16777216, logicalSessionTimeoutMinutes=30, roundTripTimeNanos=717396200, minRoundTripTimeNanos=0, setName='atlas-t4fxpa-shard-0', canonicalAddress=ac-lsdjgh3-shard-00-02.hflotvx.mongodb.net:27017, hosts=[ac-lsdjgh3-shard-00-00.hflotvx.mongodb.net:27017, ac-lsdjgh3-shard-00-01.hflotvx.mongodb.net:27017, ac-lsdjgh3-shard-00-02.hflotvx.mongodb.net:27017], passives=[], arbiters=[], primary='ac-lsdjgh3-shard-00-01.hflotvx.mongodb.net:27017', tagSet=TagSet{[Tag{name='availabilityZone', value='use1-az1'}, Tag{name='diskState', value='READY'}, Tag{name='nodeType', value='ELECTABLE'}, Tag{name='provider', value='AWS'}, Tag{name='region', value='US_EAST_1'}, Tag{name='workloadType', value='OPERATIONAL'}]}, electionId=null, setVersion=265, topologyVersion=TopologyVersion{processId=6800f5298789f02b8142906a, counter=3}, lastWriteDate=Mon Apr 21 21:05:21 COT 2025, lastUpdateTimeNanos=116060997925900}
2025-04-21T21:05:21.446-05:00  INFO 3816 --- [pruebasaber] [ngodb.net:27017] org.mongodb.driver.cluster               : Monitor thread successfully connected to server with description ServerDescription{address=ac-lsdjgh3-shard-00-00.hflotvx.mongodb.net:27017, type=REPLICA_SET_SECONDARY, cryptd=false, state=CONNECTED, ok=true, minWireVersion=0, maxWireVersion=25, maxDocumentSize=16777216, logicalSessionTimeoutMinutes=30, roundTripTimeNanos=713995300, minRoundTripTimeNanos=0, setName='atlas-t4fxpa-shard-0', canonicalAddress=ac-lsdjgh3-shard-00-00.hflotvx.mongodb.net:27017, hosts=[ac-lsdjgh3-shard-00-00.hflotvx.mongodb.net:27017, ac-lsdjgh3-shard-00-01.hflotvx.mongodb.net:27017, ac-lsdjgh3-shard-00-02.hflotvx.mongodb.net:27017], passives=[], arbiters=[], primary='ac-lsdjgh3-shard-00-01.hflotvx.mongodb.net:27017', tagSet=TagSet{[Tag{name='availabilityZone', value='use1-az4'}, Tag{name='diskState', value='READY'}, Tag{name='nodeType', value='ELECTABLE'}, Tag{name='provider', value='AWS'}, Tag{name='region', value='US_EAST_1'}, Tag{name='workloadType', value='OPERATIONAL'}]}, electionId=null, setVersion=265, topologyVersion=TopologyVersion{processId=6800f42233756e646ad8a8eb, counter=4}, lastWriteDate=Mon Apr 21 21:05:21 GMT-05:00 2025, lastUpdateTimeNanos=116060997959900}
2025-04-21T21:05:21.449-05:00  INFO 3816 --- [pruebasaber] [ngodb.net:27017] org.mongodb.driver.cluster               : Discovered replica set primary ac-lsdjgh3-shard-00-01.hflotvx.mongodb.net:27017 with max election id 7fffffff0000000000000208 and max set version 265
]]></system-out>
    <system-err><![CDATA[Mockito is currently self-attaching to enable the inline-mock-maker. This will no longer work in future releases of the JDK. Please add Mockito as an agent to your build what is described in Mockito's documentation: https://javadoc.io/doc/org.mockito/mockito-core/latest/org/mockito/Mockito.html#0.3
WARNING: A Java agent has been loaded dynamically (C:\Users\Brayan\.m2\repository\net\bytebuddy\byte-buddy-agent\1.15.11\byte-buddy-agent-1.15.11.jar)
WARNING: If a serviceability tool is in use, please run with -XX:+EnableDynamicAgentLoading to hide this warning
WARNING: If a serviceability tool is not in use, please run with -Djdk.instrument.traceUsage for more information
WARNING: Dynamic loading of agents will be disallowed by default in a future release
]]></system-err>
  </testcase>
</testsuite>